Bank : 2024-06-22 5:27:21 AM: main.go:73: Error reading
Bank : 2024-06-22 5:27:21 AM: main.go:74: Failed to read data from file
Bank : 2024-06-22 5:27:21 AM: main.go:75: --------------------------------
Bank : 2024-06-22 5:27:27 AM: main.go:73: Error reading
Bank : 2024-06-22 5:27:27 AM: main.go:74: Failed to read data from file
Bank : 2024-06-22 5:27:27 AM: main.go:75: --------------------------------
Bank : 2024-06-23 2:55:07 AM: main.go:73: Error reading
Bank : 2024-06-23 2:55:07 AM: main.go:74: Failed to read data from file
Bank : 2024-06-23 2:55:07 AM: main.go:75: --------------------------------
Bank : 2024-06-23 2:55:31 AM: main.go:90: Enter your choice
Bank : 2024-06-23 2:55:31 AM: main.go:93: You choose: 3
Bank : 2024-06-23 2:55:31 AM: main.go:133: You choose to check balance:  100
Bank : 2024-06-23 2:55:31 AM: main.go:90: Enter your choice
Bank : 2024-06-23 2:55:31 AM: main.go:93: You choose: 1
Bank : 2024-06-23 2:55:31 AM: main.go:98: You choose to deposit
Bank : 2024-06-23 2:55:31 AM: main.go:109: Amount Deposited! New Balance:300
Bank : 2024-06-23 2:55:31 AM: main.go:90: Enter your choice
Bank : 2024-06-23 2:55:31 AM: main.go:93: You choose: 2
Bank : 2024-06-23 2:55:31 AM: main.go:113: You choose to withdraw
Bank : 2024-06-23 2:55:31 AM: main.go:129: Amount Withdrawn! New Balance: 250
Bank : 2024-06-23 2:55:31 AM: main.go:90: Enter your choice
Bank : 2024-06-23 2:55:31 AM: main.go:93: You choose: 4
Bank : 2024-06-23 2:55:31 AM: main.go:137: You choose to exit
Bank : 2024-06-23 2:55:31 AM: main.go:90: Enter your choice
Bank : 2024-06-23 2:55:31 AM: main.go:93: You choose: 0
Bank : 2024-06-23 2:58:23 AM: main.go:85: Enter your choice
Bank : 2024-06-23 2:58:46 AM: main.go:85: Enter your choice
